I, [2016-05-04T17:54:28.265598 #2929]  INFO -- : log file open
I, [2016-05-04T17:54:28.265698 #2929]  INFO -- : 
I, [2016-05-04T17:54:28.265718 #2929]  INFO -- : ######## Starting post_new_values ########
I, [2016-05-04T17:54:28.265732 #2929]  INFO -- : 
I, [2016-05-04T17:54:28.265744 #2929]  INFO -- : getting all value_types
I, [2016-05-04T17:55:35.842426 #2929]  INFO -- : 
I, [2016-05-04T17:55:35.842479 #2929]  INFO -- : ######## Starting post_new_values ########
I, [2016-05-04T17:55:35.842496 #2929]  INFO -- : 
I, [2016-05-04T17:55:35.842508 #2929]  INFO -- : getting all value_types
I, [2016-05-04T17:55:35.847388 #2929]  INFO -- : processing #<ValueType:0x007efcb6606f58>
I, [2016-05-04T17:55:35.847483 #2929]  INFO -- : processing #<ValueType:0x007efcb6606df0>
I, [2016-05-04T17:55:35.847530 #2929]  INFO -- : processing #<ValueType:0x007efcb6606c88>
I, [2016-05-04T17:55:35.847561 #2929]  INFO -- : processing #<ValueType:0x007efcb6606b20>
I, [2016-05-04T18:00:05.699797 #2929]  INFO -- : 
I, [2016-05-04T18:00:05.699868 #2929]  INFO -- : ######## Starting post_new_values ########
I, [2016-05-04T18:00:05.699886 #2929]  INFO -- : 
I, [2016-05-04T18:00:05.699901 #2929]  INFO -- : getting all value_types
I, [2016-05-04T18:00:05.704954 #2929]  INFO -- : processing temperature
I, [2016-05-04T18:00:05.705054 #2929]  INFO -- : processing temperature
I, [2016-05-04T18:05:04.687671 #2929]  INFO -- : 
I, [2016-05-04T18:05:04.687745 #2929]  INFO -- : ######## Starting post_new_values ########
I, [2016-05-04T18:05:04.687765 #2929]  INFO -- : 
I, [2016-05-04T18:05:04.687779 #2929]  INFO -- : getting all value_types
I, [2016-05-04T18:05:04.692631 #2929]  INFO -- : processing temperature
I, [2016-05-04T18:05:04.692710 #2929]  INFO -- : processing temperature
I, [2016-05-04T18:06:52.738871 #2929]  INFO -- : 
I, [2016-05-04T18:06:52.738943 #2929]  INFO -- : ######## Starting post_new_values ########
I, [2016-05-04T18:06:52.738964 #2929]  INFO -- : 
I, [2016-05-04T18:06:52.738978 #2929]  INFO -- : getting all value_types
I, [2016-05-04T18:06:52.743767 #2929]  INFO -- : vt = temperature, air_humidity, soil_humidity, illumination
I, [2016-05-04T18:06:52.743828 #2929]  INFO -- : processing temperature
I, [2016-05-04T18:07:40.398139 #2929]  INFO -- : 
I, [2016-05-04T18:07:40.398204 #2929]  INFO -- : ######## Starting post_new_values ########
I, [2016-05-04T18:07:40.398232 #2929]  INFO -- : 
I, [2016-05-04T18:07:40.398301 #2929]  INFO -- : getting all value_types
I, [2016-05-04T18:07:40.402874 #2929]  INFO -- : vt = temperature, air_humidity, soil_humidity, illumination
I, [2016-05-04T18:07:40.402931 #2929]  INFO -- : processing temperature
I, [2016-05-04T18:07:40.415876 #2929]  INFO -- : Value created : value = 25.0 - value_type = temperature - data_card_id = 6 - created_at = 2016-05-03 12:19:00 +0200
I, [2016-05-04T18:07:40.415942 #2929]  INFO -- : processing air_humidity
I, [2016-05-04T18:07:40.417801 #2929]  INFO -- : Value created : value = 46.0 - value_type = air_humidity - data_card_id = 6 - created_at = 2016-05-03 12:19:00 +0200
I, [2016-05-04T18:07:40.417833 #2929]  INFO -- : processing soil_humidity
I, [2016-05-04T18:07:40.417873 #2929]  INFO -- : processing illumination
I, [2016-05-04T18:08:03.438245 #2929]  INFO -- : 
I, [2016-05-04T18:08:03.438328 #2929]  INFO -- : ######## Starting post_new_values ########
I, [2016-05-04T18:08:03.438348 #2929]  INFO -- : 
I, [2016-05-04T18:08:03.438365 #2929]  INFO -- : getting all value_types
I, [2016-05-04T18:08:03.444613 #2929]  INFO -- : vt = temperature, air_humidity, soil_humidity, illumination
I, [2016-05-04T18:08:03.444711 #2929]  INFO -- : #### processing temperature
I, [2016-05-04T18:08:03.457900 #2929]  INFO -- : Value created : value = 25.0 - value_type = temperature - data_card_id = 6 - created_at = 2016-05-03 12:19:00 +0200
I, [2016-05-04T18:08:03.457953 #2929]  INFO -- : #### processing air_humidity
I, [2016-05-04T18:08:03.459442 #2929]  INFO -- : Value created : value = 46.0 - value_type = air_humidity - data_card_id = 6 - created_at = 2016-05-03 12:19:00 +0200
I, [2016-05-04T18:08:03.459547 #2929]  INFO -- : #### processing soil_humidity
I, [2016-05-04T18:08:03.459615 #2929]  INFO -- : #### processing illumination
I, [2016-05-04T18:20:46.471317 #2929]  INFO -- : 
I, [2016-05-04T18:20:46.471365 #2929]  INFO -- : ######## Starting post_new_values ########
I, [2016-05-04T18:20:46.471393 #2929]  INFO -- : 
I, [2016-05-04T18:20:46.471407 #2929]  INFO -- : getting all value_types
I, [2016-05-04T18:20:46.472111 #2929]  INFO -- : vt = temperature, air_humidity, soil_humidity, illumination
I, [2016-05-04T18:20:46.472156 #2929]  INFO -- : #### processing temperature
I, [2016-05-04T18:20:46.485390 #2929]  INFO -- : Value created : value = 25.0 - value_type = temperature - data_card_id = 6 - created_at = 2016-05-03 12:19:00 +0200
I, [2016-05-04T18:20:46.485445 #2929]  INFO -- : #### processing air_humidity
I, [2016-05-04T18:20:46.495066 #2929]  INFO -- : Value created : value = 46.0 - value_type = air_humidity - data_card_id = 6 - created_at = 2016-05-03 12:19:00 +0200
I, [2016-05-04T18:20:46.495212 #2929]  INFO -- : #### processing soil_humidity
I, [2016-05-04T18:20:46.495251 #2929]  INFO -- : #### processing illumination
I, [2016-05-04T18:20:46.495305 #2929]  INFO -- : 
I, [2016-05-04T18:20:46.495333 #2929]  INFO -- : END OF POST_NEW_VALUES PROCESS
I, [2016-05-04T18:22:15.248540 #2929]  INFO -- : 
I, [2016-05-04T18:22:15.248636 #2929]  INFO -- : ######## Starting post_new_values ########
I, [2016-05-04T18:22:15.248675 #2929]  INFO -- : 
I, [2016-05-04T18:22:15.248699 #2929]  INFO -- : getting all value_types
I, [2016-05-04T18:22:15.253268 #2929]  INFO -- : vt = temperature, air_humidity, soil_humidity, illumination
I, [2016-05-04T18:22:15.253328 #2929]  INFO -- : #### processing temperature
I, [2016-05-04T18:22:15.275660 #2929]  INFO -- : Value created : value = 25.0 - value_type = temperature - data_card_id = 6 - created_at = 2016-05-03 12:19:00 +0200
I, [2016-05-04T18:22:15.275721 #2929]  INFO -- : #<Value:0x007efc9f1f42d8>
I, [2016-05-04T18:22:15.275742 #2929]  INFO -- : #### processing air_humidity
I, [2016-05-04T18:22:15.284679 #2929]  INFO -- : Value created : value = 46.0 - value_type = air_humidity - data_card_id = 6 - created_at = 2016-05-03 12:19:00 +0200
I, [2016-05-04T18:22:15.284735 #2929]  INFO -- : #<Value:0x007efc9f08a230>
I, [2016-05-04T18:22:15.284759 #2929]  INFO -- : #### processing soil_humidity
I, [2016-05-04T18:22:15.284793 #2929]  INFO -- : #### processing illumination
I, [2016-05-04T18:22:15.284822 #2929]  INFO -- : 
I, [2016-05-04T18:22:15.284840 #2929]  INFO -- : END OF POST_NEW_VALUES PROCESS
I, [2016-05-04T18:23:31.458274 #2929]  INFO -- : 
I, [2016-05-04T18:23:31.458345 #2929]  INFO -- : ######## Starting post_new_values ########
I, [2016-05-04T18:23:31.458363 #2929]  INFO -- : 
I, [2016-05-04T18:23:31.458378 #2929]  INFO -- : getting all value_types
I, [2016-05-04T18:23:31.463064 #2929]  INFO -- : vt = temperature, air_humidity, soil_humidity, illumination
I, [2016-05-04T18:23:31.463128 #2929]  INFO -- : #### processing temperature
I, [2016-05-04T18:23:31.485061 #2929]  INFO -- : Value created : value = 25.0 - value_type = temperature - data_card_id = 6 - created_at = 2016-05-03 12:19:00 +0200
I, [2016-05-04T18:23:31.485126 #2929]  INFO -- : 2016-05-03 10:19:00 UTC
I, [2016-05-04T18:23:31.485151 #2929]  INFO -- : #### processing air_humidity
I, [2016-05-04T18:23:31.494581 #2929]  INFO -- : Value created : value = 46.0 - value_type = air_humidity - data_card_id = 6 - created_at = 2016-05-03 12:19:00 +0200
I, [2016-05-04T18:23:31.494637 #2929]  INFO -- : 2016-05-03 10:19:00 UTC
I, [2016-05-04T18:23:31.494657 #2929]  INFO -- : #### processing soil_humidity
I, [2016-05-04T18:23:31.494690 #2929]  INFO -- : #### processing illumination
I, [2016-05-04T18:23:31.494742 #2929]  INFO -- : 
I, [2016-05-04T18:23:31.494764 #2929]  INFO -- : END OF POST_NEW_VALUES PROCESS
I, [2016-05-04T18:24:18.704388 #2929]  INFO -- : 
I, [2016-05-04T18:24:18.704458 #2929]  INFO -- : ######## Starting post_new_values ########
I, [2016-05-04T18:24:18.704477 #2929]  INFO -- : 
I, [2016-05-04T18:24:18.704492 #2929]  INFO -- : getting all value_types
I, [2016-05-04T18:24:18.708708 #2929]  INFO -- : vt = temperature, air_humidity, soil_humidity, illumination
I, [2016-05-04T18:24:18.708769 #2929]  INFO -- : #### processing temperature
I, [2016-05-04T18:24:18.730511 #2929]  INFO -- : Value created : value = 25.0 - value_type = temperature - data_card_id = 6 - created_at = 2016-05-03 12:19:00 +0200
I, [2016-05-04T18:24:18.730565 #2929]  INFO -- : 11
I, [2016-05-04T18:24:18.730585 #2929]  INFO -- : #### processing air_humidity
I, [2016-05-04T18:24:18.739346 #2929]  INFO -- : Value created : value = 46.0 - value_type = air_humidity - data_card_id = 6 - created_at = 2016-05-03 12:19:00 +0200
I, [2016-05-04T18:24:18.739397 #2929]  INFO -- : 12
I, [2016-05-04T18:24:18.739418 #2929]  INFO -- : #### processing soil_humidity
I, [2016-05-04T18:24:18.739477 #2929]  INFO -- : #### processing illumination
I, [2016-05-04T18:24:18.739517 #2929]  INFO -- : 
I, [2016-05-04T18:24:18.739546 #2929]  INFO -- : END OF POST_NEW_VALUES PROCESS
I, [2016-05-04T18:25:01.167011 #2929]  INFO -- : 
I, [2016-05-04T18:25:01.167083 #2929]  INFO -- : ######## Starting post_new_values ########
I, [2016-05-04T18:25:01.167118 #2929]  INFO -- : 
I, [2016-05-04T18:25:01.167138 #2929]  INFO -- : getting all value_types
I, [2016-05-04T18:25:01.171617 #2929]  INFO -- : vt = temperature, air_humidity, soil_humidity, illumination
I, [2016-05-04T18:25:01.171683 #2929]  INFO -- : #### processing temperature
I, [2016-05-04T18:25:23.895380 #2929]  INFO -- : 
I, [2016-05-04T18:25:23.895422 #2929]  INFO -- : ######## Starting post_new_values ########
I, [2016-05-04T18:25:23.895450 #2929]  INFO -- : 
I, [2016-05-04T18:25:23.895464 #2929]  INFO -- : getting all value_types
I, [2016-05-04T18:25:23.896048 #2929]  INFO -- : vt = temperature, air_humidity, soil_humidity, illumination
I, [2016-05-04T18:25:23.896088 #2929]  INFO -- : #### processing temperature
I, [2016-05-04T18:27:18.483790 #2929]  INFO -- : 
I, [2016-05-04T18:27:18.483851 #2929]  INFO -- : ######## Starting post_new_values ########
I, [2016-05-04T18:27:18.483871 #2929]  INFO -- : 
I, [2016-05-04T18:27:18.483889 #2929]  INFO -- : getting all value_types
I, [2016-05-04T18:27:18.488874 #2929]  INFO -- : vt = temperature, air_humidity, soil_humidity, illumination
I, [2016-05-04T18:27:18.488928 #2929]  INFO -- : #### processing temperature
I, [2016-05-04T18:27:58.208334 #2929]  INFO -- : 
I, [2016-05-04T18:27:58.208430 #2929]  INFO -- : ######## Starting post_new_values ########
I, [2016-05-04T18:27:58.208457 #2929]  INFO -- : 
I, [2016-05-04T18:27:58.208484 #2929]  INFO -- : getting all value_types
I, [2016-05-04T18:27:58.213270 #2929]  INFO -- : vt = temperature, air_humidity, soil_humidity, illumination
I, [2016-05-04T18:27:58.213326 #2929]  INFO -- : #### processing temperature
I, [2016-05-04T18:27:58.220046 #2929]  INFO -- : 5
I, [2016-05-04T18:28:19.579179 #2929]  INFO -- : 
I, [2016-05-04T18:28:19.579249 #2929]  INFO -- : ######## Starting post_new_values ########
I, [2016-05-04T18:28:19.579280 #2929]  INFO -- : 
I, [2016-05-04T18:28:19.579294 #2929]  INFO -- : getting all value_types
I, [2016-05-04T18:28:19.584291 #2929]  INFO -- : vt = temperature, air_humidity, soil_humidity, illumination
I, [2016-05-04T18:28:19.584355 #2929]  INFO -- : #### processing temperature
I, [2016-05-04T18:28:19.591122 #2929]  INFO -- : 5
I, [2016-05-04T18:32:45.137380 #2929]  INFO -- : 
I, [2016-05-04T18:32:45.137442 #2929]  INFO -- : ######## Starting post_new_values ########
I, [2016-05-04T18:32:45.137461 #2929]  INFO -- : 
I, [2016-05-04T18:32:45.137482 #2929]  INFO -- : getting all value_types
I, [2016-05-04T18:32:45.141922 #2929]  INFO -- : vt = temperature, air_humidity, soil_humidity, illumination
I, [2016-05-04T18:32:45.141978 #2929]  INFO -- : #### processing temperature
I, [2016-05-04T18:32:45.163912 #2929]  INFO -- : Value created : value = 25.0 - value_type = temperature - data_card_id = 6 - created_at = 2016-05-03 12:19:00 +0200
I, [2016-05-04T18:32:45.163969 #2929]  INFO -- : 13
I, [2016-05-04T18:32:45.163989 #2929]  INFO -- : #### processing air_humidity
I, [2016-05-04T18:32:45.173153 #2929]  INFO -- : Value created : value = 46.0 - value_type = air_humidity - data_card_id = 6 - created_at = 2016-05-03 12:19:00 +0200
I, [2016-05-04T18:32:45.173203 #2929]  INFO -- : 14
I, [2016-05-04T18:32:45.173239 #2929]  INFO -- : #### processing soil_humidity
I, [2016-05-04T18:32:45.173274 #2929]  INFO -- : #### processing illumination
I, [2016-05-04T18:32:45.173298 #2929]  INFO -- : 
I, [2016-05-04T18:32:45.173316 #2929]  INFO -- : END OF POST_NEW_VALUES PROCESS
I, [2016-05-06T02:10:48.121803 #3166]  INFO -- : 
I, [2016-05-06T02:10:48.123613 #3166]  INFO -- : ######## Starting get_target_value  ########
I, [2016-05-06T02:10:48.141125 #3166]  INFO -- : Answer sent
I, [2016-05-06T02:12:03.985097 #3166]  INFO -- : 
I, [2016-05-06T02:12:03.985134 #3166]  INFO -- : ######## Starting get_target_value  ########
I, [2016-05-06T02:12:03.988697 #3166]  INFO -- : Answer sent
I, [2016-05-06T02:13:07.683319 #3166]  INFO -- : 
I, [2016-05-06T02:13:07.683356 #3166]  INFO -- : ######## Starting get_target_value  ########
I, [2016-05-06T02:13:07.688175 #3166]  INFO -- : Answer sent
I, [2016-05-06T02:13:19.081699 #3166]  INFO -- : 
I, [2016-05-06T02:13:19.081733 #3166]  INFO -- : ######## Starting get_target_value  ########
I, [2016-05-06T02:13:19.085030 #3166]  INFO -- : Answer sent
I, [2016-05-06T02:14:22.201176 #3166]  INFO -- : 
I, [2016-05-06T02:14:22.201213 #3166]  INFO -- : ######## Starting get_target_value  ########
I, [2016-05-06T02:14:22.204622 #3166]  INFO -- : Answer sent
I, [2016-05-06T02:14:39.039028 #3166]  INFO -- : 
I, [2016-05-06T02:14:39.039068 #3166]  INFO -- : ######## Starting get_target_value  ########
I, [2016-05-06T02:14:39.042856 #3166]  INFO -- : Answer sent
I, [2016-05-06T02:14:57.978527 #3166]  INFO -- : 
I, [2016-05-06T02:14:57.978563 #3166]  INFO -- : ######## Starting get_target_value  ########
I, [2016-05-06T02:14:57.981914 #3166]  INFO -- : Answer sent
I, [2016-05-06T14:19:44.053203 #4802]  INFO -- : 
I, [2016-05-06T14:19:44.054949 #4802]  INFO -- : ######## STARTING get_value_types ########
I, [2016-05-06T14:19:44.054983 #4802]  INFO -- : 
I, [2016-05-06T14:21:28.010934 #4802]  INFO -- : 
I, [2016-05-06T14:21:28.010982 #4802]  INFO -- : ######## STARTING get_value_types ########
I, [2016-05-06T14:21:28.011023 #4802]  INFO -- : 
I, [2016-05-06T14:22:05.182719 #4802]  INFO -- : 
I, [2016-05-06T14:22:05.182777 #4802]  INFO -- : ######## STARTING get_value_types ########
I, [2016-05-06T14:22:05.182836 #4802]  INFO -- : 
I, [2016-05-06T14:22:05.199205 #4802]  INFO -- : Answer sent
I, [2016-05-06T14:24:21.853999 #4802]  INFO -- : 
I, [2016-05-06T14:24:21.854044 #4802]  INFO -- : ######## STARTING get_value_types ########
I, [2016-05-06T14:24:21.854068 #4802]  INFO -- : 
I, [2016-05-06T14:24:21.855787 #4802]  INFO -- : Answer sent
I, [2016-05-06T14:25:12.577723 #4802]  INFO -- : 
I, [2016-05-06T14:25:12.577766 #4802]  INFO -- : ######## STARTING get_value_types ########
I, [2016-05-06T14:25:12.577794 #4802]  INFO -- : 
I, [2016-05-06T14:25:12.579629 #4802]  INFO -- : Answer sent
I, [2016-05-06T14:25:58.638459 #4802]  INFO -- : 
I, [2016-05-06T14:25:58.638523 #4802]  INFO -- : ######## STARTING get_value_types ########
I, [2016-05-06T14:25:58.638560 #4802]  INFO -- : 
I, [2016-05-06T14:25:58.641704 #4802]  INFO -- : Answer sent
I, [2016-05-06T14:43:52.345264 #4802]  INFO -- : 
I, [2016-05-06T14:43:52.345302 #4802]  INFO -- : ######## STARTING get_value_types ########
I, [2016-05-06T14:43:52.345331 #4802]  INFO -- : 
I, [2016-05-06T14:43:52.348055 #4802]  INFO -- : Answer sent
I, [2016-05-06T14:49:25.637891 #4802]  INFO -- : 
I, [2016-05-06T14:49:25.637944 #4802]  INFO -- : ######## STARTING get_value_types ########
I, [2016-05-06T14:49:25.637962 #4802]  INFO -- : 
I, [2016-05-06T14:49:25.639707 #4802]  INFO -- : Answer sent
I, [2016-05-06T14:55:03.265471 #4802]  INFO -- : 
I, [2016-05-06T14:55:03.265516 #4802]  INFO -- : ######## STARTING get_value_types ########
I, [2016-05-06T14:55:03.265543 #4802]  INFO -- : 
I, [2016-05-06T14:55:03.267436 #4802]  INFO -- : Answer sent
I, [2016-05-06T14:56:52.854086 #4802]  INFO -- : 
I, [2016-05-06T14:56:52.854175 #4802]  INFO -- : ######## STARTING get_value_types ########
I, [2016-05-06T14:56:52.854214 #4802]  INFO -- : 
I, [2016-05-06T14:56:52.856548 #4802]  INFO -- : Answer sent
I, [2016-05-06T14:58:08.165539 #4802]  INFO -- : 
I, [2016-05-06T14:58:08.165580 #4802]  INFO -- : ######## STARTING get_value_types ########
I, [2016-05-06T14:58:08.165609 #4802]  INFO -- : 
I, [2016-05-06T14:58:08.167711 #4802]  INFO -- : Answer sent
I, [2016-05-06T14:58:37.157735 #4802]  INFO -- : 
I, [2016-05-06T14:58:37.157786 #4802]  INFO -- : ######## STARTING get_value_types ########
I, [2016-05-06T14:58:37.157803 #4802]  INFO -- : 
I, [2016-05-06T14:58:37.159584 #4802]  INFO -- : Answer sent
I, [2016-05-06T15:01:29.986186 #4802]  INFO -- : 
I, [2016-05-06T15:01:29.986226 #4802]  INFO -- : ######## STARTING get_value_types ########
I, [2016-05-06T15:01:29.986254 #4802]  INFO -- : 
I, [2016-05-06T15:01:29.988133 #4802]  INFO -- : Answer sent
I, [2016-05-06T15:02:55.232126 #4802]  INFO -- : 
I, [2016-05-06T15:02:55.232168 #4802]  INFO -- : ######## STARTING get_value_types ########
I, [2016-05-06T15:02:55.232206 #4802]  INFO -- : 
I, [2016-05-06T15:02:55.233942 #4802]  INFO -- : Answer sent
I, [2016-05-06T15:03:25.958519 #4802]  INFO -- : 
I, [2016-05-06T15:03:25.958602 #4802]  INFO -- : ######## STARTING get_value_types ########
I, [2016-05-06T15:03:25.958640 #4802]  INFO -- : 
I, [2016-05-06T15:03:25.960396 #4802]  INFO -- : Answer sent
I, [2016-05-06T15:06:02.916890 #4802]  INFO -- : 
I, [2016-05-06T15:06:02.916932 #4802]  INFO -- : ######## STARTING get_value_types ########
I, [2016-05-06T15:06:02.916956 #4802]  INFO -- : 
I, [2016-05-06T15:06:02.918766 #4802]  INFO -- : Answer sent
I, [2016-05-06T15:07:32.554698 #4802]  INFO -- : 
I, [2016-05-06T15:07:32.554743 #4802]  INFO -- : ######## STARTING get_value_types ########
I, [2016-05-06T15:07:32.554771 #4802]  INFO -- : 
I, [2016-05-06T15:07:32.556538 #4802]  INFO -- : Answer sent
I, [2016-05-06T15:07:56.838085 #4802]  INFO -- : 
I, [2016-05-06T15:07:56.838128 #4802]  INFO -- : ######## STARTING get_value_types ########
I, [2016-05-06T15:07:56.838165 #4802]  INFO -- : 
I, [2016-05-06T15:07:56.843650 #4802]  INFO -- : Answer sent
I, [2016-05-06T15:11:26.205064 #4802]  INFO -- : 
I, [2016-05-06T15:11:26.205105 #4802]  INFO -- : ######## STARTING get_value_types ########
I, [2016-05-06T15:11:26.205132 #4802]  INFO -- : 
I, [2016-05-06T15:11:26.207009 #4802]  INFO -- : Answer sent
I, [2016-05-06T15:38:41.181964 #4802]  INFO -- : 
I, [2016-05-06T15:38:41.182005 #4802]  INFO -- : ######## STARTING get_value_types ########
I, [2016-05-06T15:38:41.182032 #4802]  INFO -- : 
I, [2016-05-06T15:38:41.183817 #4802]  INFO -- : Answer sent
I, [2016-05-06T15:38:56.389233 #4802]  INFO -- : 
I, [2016-05-06T15:38:56.389273 #4802]  INFO -- : ######## STARTING get_value_types ########
I, [2016-05-06T15:38:56.389301 #4802]  INFO -- : 
I, [2016-05-06T15:38:56.391041 #4802]  INFO -- : Answer sent
I, [2016-05-06T15:45:16.126701 #4802]  INFO -- : 
I, [2016-05-06T15:45:16.126742 #4802]  INFO -- : ######## STARTING get_value_types ########
I, [2016-05-06T15:45:16.126770 #4802]  INFO -- : 
I, [2016-05-06T15:45:16.128463 #4802]  INFO -- : Answer sent
I, [2016-05-06T15:45:16.155033 #4802]  INFO -- : 
I, [2016-05-06T15:45:16.155106 #4802]  INFO -- : ######## Starting get_target_value  ########
I, [2016-05-06T15:45:16.166204 #4802]  INFO -- : Answer sent
I, [2016-05-06T15:51:18.578544 #4802]  INFO -- : 
I, [2016-05-06T15:51:18.578587 #4802]  INFO -- : ######## STARTING get_value_types ########
I, [2016-05-06T15:51:18.578612 #4802]  INFO -- : 
I, [2016-05-06T15:51:18.580642 #4802]  INFO -- : Answer sent
I, [2016-05-06T15:51:18.609855 #4802]  INFO -- : 
I, [2016-05-06T15:51:18.609901 #4802]  INFO -- : ######## Starting get_target_value  ########
I, [2016-05-06T15:51:18.614048 #4802]  INFO -- : Answer sent
I, [2016-05-06T15:51:35.829956 #4802]  INFO -- : 
I, [2016-05-06T15:51:35.830013 #4802]  INFO -- : ######## STARTING get_value_types ########
I, [2016-05-06T15:51:35.830043 #4802]  INFO -- : 
I, [2016-05-06T15:51:35.833189 #4802]  INFO -- : Answer sent
I, [2016-05-06T15:51:35.864508 #4802]  INFO -- : 
I, [2016-05-06T15:51:35.864551 #4802]  INFO -- : ######## Starting get_target_value  ########
I, [2016-05-06T15:51:35.874932 #4802]  INFO -- : Answer sent
I, [2016-05-06T15:54:07.051191 #4802]  INFO -- : 
I, [2016-05-06T15:54:07.051235 #4802]  INFO -- : ######## STARTING get_value_types ########
I, [2016-05-06T15:54:07.051262 #4802]  INFO -- : 
I, [2016-05-06T15:54:07.055293 #4802]  INFO -- : Answer sent
I, [2016-05-06T15:54:07.086007 #4802]  INFO -- : 
I, [2016-05-06T15:54:07.086053 #4802]  INFO -- : ######## Starting get_target_value  ########
I, [2016-05-06T15:54:07.090757 #4802]  INFO -- : Answer sent
I, [2016-05-06T15:54:28.327734 #4802]  INFO -- : 
I, [2016-05-06T15:54:28.327782 #4802]  INFO -- : ######## STARTING get_value_types ########
I, [2016-05-06T15:54:28.327809 #4802]  INFO -- : 
I, [2016-05-06T15:54:28.330603 #4802]  INFO -- : Answer sent
I, [2016-05-06T15:54:28.365161 #4802]  INFO -- : 
I, [2016-05-06T15:54:28.365205 #4802]  INFO -- : ######## Starting get_target_value  ########
I, [2016-05-06T15:54:28.372172 #4802]  INFO -- : Answer sent
I, [2016-05-06T15:57:24.722696 #4802]  INFO -- : 
I, [2016-05-06T15:57:24.722745 #4802]  INFO -- : ######## STARTING get_value_types ########
I, [2016-05-06T15:57:24.722777 #4802]  INFO -- : 
I, [2016-05-06T15:57:24.725680 #4802]  INFO -- : Answer sent
I, [2016-05-06T15:57:24.760553 #4802]  INFO -- : 
I, [2016-05-06T15:57:24.760611 #4802]  INFO -- : ######## Starting get_target_value  ########
I, [2016-05-06T15:57:24.766064 #4802]  INFO -- : Answer sent
I, [2016-05-06T15:58:11.939759 #4802]  INFO -- : 
I, [2016-05-06T15:58:11.939803 #4802]  INFO -- : ######## STARTING get_value_types ########
I, [2016-05-06T15:58:11.939831 #4802]  INFO -- : 
I, [2016-05-06T15:58:11.942193 #4802]  INFO -- : Answer sent
I, [2016-05-06T15:58:11.986851 #4802]  INFO -- : 
I, [2016-05-06T15:58:11.986897 #4802]  INFO -- : ######## Starting get_target_value  ########
I, [2016-05-06T15:58:11.995678 #4802]  INFO -- : Answer sent
I, [2016-05-06T15:58:26.069223 #4802]  INFO -- : 
I, [2016-05-06T15:58:26.069276 #4802]  INFO -- : ######## STARTING get_value_types ########
I, [2016-05-06T15:58:26.069293 #4802]  INFO -- : 
I, [2016-05-06T15:58:26.072958 #4802]  INFO -- : Answer sent
I, [2016-05-06T15:58:26.100474 #4802]  INFO -- : 
I, [2016-05-06T15:58:26.100513 #4802]  INFO -- : ######## Starting get_target_value  ########
I, [2016-05-06T15:58:26.107294 #4802]  INFO -- : Answer sent
I, [2016-05-06T16:04:53.841637 #4802]  INFO -- : 
I, [2016-05-06T16:04:53.841677 #4802]  INFO -- : ######## STARTING get_value_types ########
I, [2016-05-06T16:04:53.841705 #4802]  INFO -- : 
I, [2016-05-06T16:04:53.843491 #4802]  INFO -- : Answer sent
I, [2016-05-06T16:04:53.875866 #4802]  INFO -- : 
I, [2016-05-06T16:04:53.875910 #4802]  INFO -- : ######## Starting get_target_value  ########
I, [2016-05-06T16:04:53.879968 #4802]  INFO -- : Answer sent
I, [2016-05-06T16:05:02.308821 #4802]  INFO -- : 
I, [2016-05-06T16:05:02.308865 #4802]  INFO -- : ######## STARTING get_value_types ########
I, [2016-05-06T16:05:02.308892 #4802]  INFO -- : 
I, [2016-05-06T16:05:02.310686 #4802]  INFO -- : Answer sent
I, [2016-05-06T16:05:02.361493 #4802]  INFO -- : 
I, [2016-05-06T16:05:02.361534 #4802]  INFO -- : ######## Starting get_target_value  ########
I, [2016-05-06T16:05:02.365794 #4802]  INFO -- : Answer sent
I, [2016-05-06T16:05:26.025484 #4802]  INFO -- : 
I, [2016-05-06T16:05:26.025526 #4802]  INFO -- : ######## STARTING get_value_types ########
I, [2016-05-06T16:05:26.025553 #4802]  INFO -- : 
I, [2016-05-06T16:05:26.027437 #4802]  INFO -- : Answer sent
I, [2016-05-06T16:05:26.062055 #4802]  INFO -- : 
I, [2016-05-06T16:05:26.062104 #4802]  INFO -- : ######## Starting get_target_value  ########
I, [2016-05-06T16:05:26.066091 #4802]  INFO -- : Answer sent
I, [2016-05-06T16:06:05.566649 #4802]  INFO -- : 
I, [2016-05-06T16:06:05.566692 #4802]  INFO -- : ######## STARTING get_value_types ########
I, [2016-05-06T16:06:05.566736 #4802]  INFO -- : 
I, [2016-05-06T16:06:05.568536 #4802]  INFO -- : Answer sent
I, [2016-05-06T16:06:05.600191 #4802]  INFO -- : 
I, [2016-05-06T16:06:05.600235 #4802]  INFO -- : ######## Starting get_target_value  ########
I, [2016-05-06T16:06:05.603900 #4802]  INFO -- : Answer sent
I, [2016-05-06T16:06:16.197874 #4802]  INFO -- : 
I, [2016-05-06T16:06:16.197913 #4802]  INFO -- : ######## STARTING get_value_types ########
I, [2016-05-06T16:06:16.197940 #4802]  INFO -- : 
I, [2016-05-06T16:06:16.199776 #4802]  INFO -- : Answer sent
I, [2016-05-06T16:06:16.229794 #4802]  INFO -- : 
I, [2016-05-06T16:06:16.229839 #4802]  INFO -- : ######## Starting get_target_value  ########
I, [2016-05-06T16:06:16.233419 #4802]  INFO -- : Answer sent
I, [2016-05-06T16:07:20.324106 #4802]  INFO -- : 
I, [2016-05-06T16:07:20.324145 #4802]  INFO -- : ######## STARTING get_value_types ########
I, [2016-05-06T16:07:20.324201 #4802]  INFO -- : 
I, [2016-05-06T16:07:20.325855 #4802]  INFO -- : Answer sent
I, [2016-05-06T16:07:20.358448 #4802]  INFO -- : 
I, [2016-05-06T16:07:20.358491 #4802]  INFO -- : ######## Starting get_target_value  ########
I, [2016-05-06T16:07:20.361945 #4802]  INFO -- : Answer sent
I, [2016-05-06T16:07:33.568405 #4802]  INFO -- : 
I, [2016-05-06T16:07:33.568450 #4802]  INFO -- : ######## STARTING get_value_types ########
I, [2016-05-06T16:07:33.568557 #4802]  INFO -- : 
I, [2016-05-06T16:07:33.570320 #4802]  INFO -- : Answer sent
I, [2016-05-06T16:07:33.602216 #4802]  INFO -- : 
I, [2016-05-06T16:07:33.602258 #4802]  INFO -- : ######## Starting get_target_value  ########
I, [2016-05-06T16:07:33.606179 #4802]  INFO -- : Answer sent
I, [2016-05-06T16:07:58.261978 #4802]  INFO -- : 
I, [2016-05-06T16:07:58.262039 #4802]  INFO -- : ######## STARTING get_value_types ########
I, [2016-05-06T16:07:58.262062 #4802]  INFO -- : 
I, [2016-05-06T16:07:58.263885 #4802]  INFO -- : Answer sent
I, [2016-05-06T16:07:58.297097 #4802]  INFO -- : 
I, [2016-05-06T16:07:58.297137 #4802]  INFO -- : ######## Starting get_target_value  ########
I, [2016-05-06T16:07:58.300641 #4802]  INFO -- : Answer sent
I, [2016-05-06T16:08:32.080043 #4802]  INFO -- : 
I, [2016-05-06T16:08:32.080083 #4802]  INFO -- : ######## STARTING get_value_types ########
I, [2016-05-06T16:08:32.080111 #4802]  INFO -- : 
I, [2016-05-06T16:08:32.081851 #4802]  INFO -- : Answer sent
I, [2016-05-06T16:08:32.115216 #4802]  INFO -- : 
I, [2016-05-06T16:08:32.115259 #4802]  INFO -- : ######## Starting get_target_value  ########
I, [2016-05-06T16:08:32.119384 #4802]  INFO -- : Answer sent
I, [2016-05-06T16:09:32.706587 #4802]  INFO -- : 
I, [2016-05-06T16:09:32.706629 #4802]  INFO -- : ######## STARTING get_value_types ########
I, [2016-05-06T16:09:32.706656 #4802]  INFO -- : 
I, [2016-05-06T16:09:32.711048 #4802]  INFO -- : Answer sent
I, [2016-05-06T16:10:08.786053 #4802]  INFO -- : 
I, [2016-05-06T16:10:08.786096 #4802]  INFO -- : ######## STARTING get_value_types ########
I, [2016-05-06T16:10:08.786123 #4802]  INFO -- : 
I, [2016-05-06T16:10:08.787835 #4802]  INFO -- : Answer sent
I, [2016-05-06T16:14:47.828288 #4802]  INFO -- : 
I, [2016-05-06T16:14:47.828330 #4802]  INFO -- : ######## STARTING get_value_types ########
I, [2016-05-06T16:14:47.828354 #4802]  INFO -- : 
I, [2016-05-06T16:14:47.830113 #4802]  INFO -- : Answer sent
I, [2016-05-06T16:16:39.242771 #4802]  INFO -- : 
I, [2016-05-06T16:16:39.242831 #4802]  INFO -- : ######## STARTING get_value_types ########
I, [2016-05-06T16:16:39.242858 #4802]  INFO -- : 
I, [2016-05-06T16:16:39.244473 #4802]  INFO -- : Answer sent
I, [2016-05-06T16:16:39.251636 #4802]  INFO -- : 
I, [2016-05-06T16:16:39.251739 #4802]  INFO -- : ######## Starting get_target_value  ########
I, [2016-05-06T16:16:39.257103 #4802]  INFO -- : Answer sent
I, [2016-05-06T16:20:10.844497 #4802]  INFO -- : 
I, [2016-05-06T16:20:10.844539 #4802]  INFO -- : ######## STARTING get_value_types ########
I, [2016-05-06T16:20:10.844567 #4802]  INFO -- : 
I, [2016-05-06T16:20:10.846308 #4802]  INFO -- : Answer sent
I, [2016-05-06T16:20:43.790146 #4802]  INFO -- : 
I, [2016-05-06T16:20:43.790190 #4802]  INFO -- : ######## STARTING get_value_types ########
I, [2016-05-06T16:20:43.790217 #4802]  INFO -- : 
I, [2016-05-06T16:20:43.791901 #4802]  INFO -- : Answer sent
I, [2016-05-06T16:20:43.824120 #4802]  INFO -- : 
I, [2016-05-06T16:20:43.824162 #4802]  INFO -- : ######## Starting get_target_value  ########
I, [2016-05-06T16:20:43.827546 #4802]  INFO -- : Answer sent
I, [2016-05-06T16:21:13.273363 #4802]  INFO -- : 
I, [2016-05-06T16:21:13.273406 #4802]  INFO -- : ######## STARTING get_value_types ########
I, [2016-05-06T16:21:13.273429 #4802]  INFO -- : 
I, [2016-05-06T16:21:13.275249 #4802]  INFO -- : Answer sent
I, [2016-05-06T16:21:13.309467 #4802]  INFO -- : 
I, [2016-05-06T16:21:13.309507 #4802]  INFO -- : ######## Starting get_target_value  ########
I, [2016-05-06T16:21:13.313353 #4802]  INFO -- : Answer sent
I, [2016-05-06T16:21:16.851443 #4802]  INFO -- : 
I, [2016-05-06T16:21:16.851512 #4802]  INFO -- : ######## STARTING get_value_types ########
I, [2016-05-06T16:21:16.851539 #4802]  INFO -- : 
I, [2016-05-06T16:21:16.853254 #4802]  INFO -- : Answer sent
I, [2016-05-06T16:21:16.888198 #4802]  INFO -- : 
I, [2016-05-06T16:21:16.888258 #4802]  INFO -- : ######## Starting get_target_value  ########
I, [2016-05-06T16:21:16.891952 #4802]  INFO -- : Answer sent
I, [2016-05-07T18:02:53.226150 #7170]  INFO -- : 
I, [2016-05-07T18:02:53.226427 #7170]  INFO -- : ######## STARTING get_value_types ########
I, [2016-05-07T18:02:53.226451 #7170]  INFO -- : 
I, [2016-05-07T18:02:53.242500 #7170]  INFO -- : Answer sent
I, [2016-05-07T18:04:51.301779 #7170]  INFO -- : 
I, [2016-05-07T18:04:51.301816 #7170]  INFO -- : ######## STARTING get_value_types ########
I, [2016-05-07T18:04:51.301830 #7170]  INFO -- : 
I, [2016-05-07T18:04:51.303599 #7170]  INFO -- : Answer sent
I, [2016-05-07T18:05:17.621393 #7170]  INFO -- : 
I, [2016-05-07T18:05:17.621429 #7170]  INFO -- : ######## STARTING get_value_types ########
I, [2016-05-07T18:05:17.621444 #7170]  INFO -- : 
I, [2016-05-07T18:05:17.623208 #7170]  INFO -- : Answer sent
I, [2016-05-07T18:07:46.104522 #7170]  INFO -- : 
I, [2016-05-07T18:07:46.104556 #7170]  INFO -- : ######## STARTING get_value_types ########
I, [2016-05-07T18:07:46.104570 #7170]  INFO -- : 
I, [2016-05-07T18:07:46.106134 #7170]  INFO -- : Answer sent
I, [2016-05-07T18:08:06.722899 #7170]  INFO -- : 
I, [2016-05-07T18:08:06.722957 #7170]  INFO -- : ######## STARTING get_value_types ########
I, [2016-05-07T18:08:06.722976 #7170]  INFO -- : 
I, [2016-05-07T18:08:06.724719 #7170]  INFO -- : Answer sent
I, [2016-05-07T18:08:06.732920 #7170]  INFO -- : 
I, [2016-05-07T18:08:06.732962 #7170]  INFO -- : ######## Starting get_target_value  ########
I, [2016-05-07T18:12:45.775902 #7170]  INFO -- : 
I, [2016-05-07T18:12:45.775944 #7170]  INFO -- : ######## STARTING get_value_types ########
I, [2016-05-07T18:12:45.775984 #7170]  INFO -- : 
I, [2016-05-07T18:12:45.777896 #7170]  INFO -- : Answer sent
I, [2016-05-07T18:12:45.785923 #7170]  INFO -- : 
I, [2016-05-07T18:12:45.785969 #7170]  INFO -- : ######## Starting get_target_value  ########
I, [2016-05-07T18:16:10.501163 #7170]  INFO -- : 
I, [2016-05-07T18:16:10.501219 #7170]  INFO -- : ######## STARTING get_value_types ########
I, [2016-05-07T18:16:10.501265 #7170]  INFO -- : 
I, [2016-05-07T18:16:10.507363 #7170]  INFO -- : Answer sent
I, [2016-05-07T18:16:10.514519 #7170]  INFO -- : 
I, [2016-05-07T18:16:10.514560 #7170]  INFO -- : ######## Starting get_target_value  ########
I, [2016-05-07T18:18:03.166022 #7170]  INFO -- : 
I, [2016-05-07T18:18:03.166098 #7170]  INFO -- : ######## STARTING get_value_types ########
I, [2016-05-07T18:18:03.166124 #7170]  INFO -- : 
I, [2016-05-07T18:18:03.171839 #7170]  INFO -- : Answer sent
I, [2016-05-07T18:18:03.179361 #7170]  INFO -- : 
I, [2016-05-07T18:18:03.179400 #7170]  INFO -- : ######## Starting get_target_value  ########
I, [2016-05-07T18:18:03.204416 #7170]  INFO -- : Answer sent
I, [2016-05-07T18:20:54.080954 #7170]  INFO -- : 
I, [2016-05-07T18:20:54.081035 #7170]  INFO -- : ######## STARTING get_value_types ########
I, [2016-05-07T18:20:54.081057 #7170]  INFO -- : 
I, [2016-05-07T18:20:54.087001 #7170]  INFO -- : Answer sent
I, [2016-05-07T18:20:54.094184 #7170]  INFO -- : 
I, [2016-05-07T18:20:54.094226 #7170]  INFO -- : ######## Starting get_target_value  ########
I, [2016-05-07T18:20:54.116416 #7170]  INFO -- : Answer sent
I, [2016-05-07T18:21:44.887490 #7170]  INFO -- : 
I, [2016-05-07T18:21:44.887537 #7170]  INFO -- : ######## STARTING get_value_types ########
I, [2016-05-07T18:21:44.887570 #7170]  INFO -- : 
I, [2016-05-07T18:21:44.893582 #7170]  INFO -- : Answer sent
I, [2016-05-07T18:21:44.904199 #7170]  INFO -- : 
I, [2016-05-07T18:21:44.904239 #7170]  INFO -- : ######## Starting get_target_value  ########
I, [2016-05-07T18:21:44.909495 #7170]  INFO -- : Answer sent
I, [2016-05-07T18:28:53.639623 #7170]  INFO -- : 
I, [2016-05-07T18:28:53.639663 #7170]  INFO -- : ######## STARTING get_value_types ########
I, [2016-05-07T18:28:53.639691 #7170]  INFO -- : 
I, [2016-05-07T18:28:53.641578 #7170]  INFO -- : Answer sent
I, [2016-05-07T18:28:53.649471 #7170]  INFO -- : 
I, [2016-05-07T18:28:53.649530 #7170]  INFO -- : ######## Starting get_target_value  ########
I, [2016-05-07T18:28:53.655637 #7170]  INFO -- : Answer sent
I, [2016-05-07T18:31:18.913201 #7170]  INFO -- : 
I, [2016-05-07T18:31:18.913242 #7170]  INFO -- : ######## STARTING get_value_types ########
I, [2016-05-07T18:31:18.913271 #7170]  INFO -- : 
I, [2016-05-07T18:31:18.915362 #7170]  INFO -- : Answer sent
I, [2016-05-07T18:31:18.923999 #7170]  INFO -- : 
I, [2016-05-07T18:31:18.924076 #7170]  INFO -- : ######## Starting get_target_value  ########
I, [2016-05-07T18:31:18.930526 #7170]  INFO -- : Answer sent
I, [2016-05-07T18:36:12.944462 #7170]  INFO -- : 
I, [2016-05-07T18:36:12.944502 #7170]  INFO -- : ######## STARTING get_value_types ########
I, [2016-05-07T18:36:12.944530 #7170]  INFO -- : 
I, [2016-05-07T18:36:12.946477 #7170]  INFO -- : Answer sent
I, [2016-05-07T18:36:12.955269 #7170]  INFO -- : 
I, [2016-05-07T18:36:12.955314 #7170]  INFO -- : ######## Starting get_target_value  ########
I, [2016-05-07T18:36:12.961672 #7170]  INFO -- : Answer sent
I, [2016-05-07T18:50:57.574755 #7170]  INFO -- : 
I, [2016-05-07T18:50:57.574798 #7170]  INFO -- : ######## STARTING get_value_types ########
I, [2016-05-07T18:50:57.574837 #7170]  INFO -- : 
I, [2016-05-07T18:50:57.577868 #7170]  INFO -- : Answer sent
I, [2016-05-07T18:50:57.611442 #7170]  INFO -- : 
I, [2016-05-07T18:50:57.611483 #7170]  INFO -- : ######## Starting get_target_value  ########
I, [2016-05-07T18:50:57.617737 #7170]  INFO -- : Answer sent
I, [2016-05-07T18:51:18.291448 #7170]  INFO -- : 
I, [2016-05-07T18:51:18.291490 #7170]  INFO -- : ######## STARTING get_value_types ########
I, [2016-05-07T18:51:18.291519 #7170]  INFO -- : 
I, [2016-05-07T18:51:18.293581 #7170]  INFO -- : Answer sent
I, [2016-05-07T18:51:18.327912 #7170]  INFO -- : 
I, [2016-05-07T18:51:18.327952 #7170]  INFO -- : ######## Starting get_target_value  ########
I, [2016-05-07T18:51:18.334086 #7170]  INFO -- : Answer sent
I, [2016-05-07T18:54:34.344383 #7170]  INFO -- : 
I, [2016-05-07T18:54:34.344424 #7170]  INFO -- : ######## STARTING get_value_types ########
I, [2016-05-07T18:54:34.344453 #7170]  INFO -- : 
I, [2016-05-07T18:54:34.346959 #7170]  INFO -- : Answer sent
I, [2016-05-07T18:54:34.380604 #7170]  INFO -- : 
I, [2016-05-07T18:54:34.380645 #7170]  INFO -- : ######## Starting get_target_value  ########
I, [2016-05-07T18:54:34.386484 #7170]  INFO -- : Answer sent
I, [2016-05-07T18:55:11.100337 #7170]  INFO -- : 
I, [2016-05-07T18:55:11.100377 #7170]  INFO -- : ######## STARTING get_value_types ########
I, [2016-05-07T18:55:11.100408 #7170]  INFO -- : 
I, [2016-05-07T18:55:11.102830 #7170]  INFO -- : Answer sent
I, [2016-05-07T18:55:11.134306 #7170]  INFO -- : 
I, [2016-05-07T18:55:11.134347 #7170]  INFO -- : ######## Starting get_target_value  ########
I, [2016-05-07T18:55:11.141058 #7170]  INFO -- : Answer sent
I, [2016-05-07T18:55:22.709453 #7170]  INFO -- : 
I, [2016-05-07T18:55:22.709493 #7170]  INFO -- : ######## STARTING get_value_types ########
I, [2016-05-07T18:55:22.709521 #7170]  INFO -- : 
I, [2016-05-07T18:55:22.712036 #7170]  INFO -- : Answer sent
I, [2016-05-07T18:55:22.745037 #7170]  INFO -- : 
I, [2016-05-07T18:55:22.745078 #7170]  INFO -- : ######## Starting get_target_value  ########
I, [2016-05-07T18:55:22.754741 #7170]  INFO -- : Answer sent
I, [2016-05-07T18:55:59.650640 #7170]  INFO -- : 
I, [2016-05-07T18:55:59.650678 #7170]  INFO -- : ######## STARTING get_value_types ########
I, [2016-05-07T18:55:59.650718 #7170]  INFO -- : 
I, [2016-05-07T18:55:59.652506 #7170]  INFO -- : Answer sent
I, [2016-05-07T18:55:59.679471 #7170]  INFO -- : 
I, [2016-05-07T18:55:59.679719 #7170]  INFO -- : ######## Starting get_target_value  ########
I, [2016-05-07T18:55:59.687679 #7170]  INFO -- : Answer sent
I, [2016-05-07T18:56:19.103776 #7170]  INFO -- : 
I, [2016-05-07T18:56:19.103818 #7170]  INFO -- : ######## STARTING get_value_types ########
I, [2016-05-07T18:56:19.103847 #7170]  INFO -- : 
I, [2016-05-07T18:56:19.105543 #7170]  INFO -- : Answer sent
I, [2016-05-07T18:56:19.139910 #7170]  INFO -- : 
I, [2016-05-07T18:56:19.139948 #7170]  INFO -- : ######## Starting get_target_value  ########
I, [2016-05-07T18:56:19.144375 #7170]  INFO -- : Answer sent
I, [2016-05-07T18:56:49.639605 #7170]  INFO -- : 
I, [2016-05-07T18:56:49.639643 #7170]  INFO -- : ######## STARTING get_value_types ########
I, [2016-05-07T18:56:49.639672 #7170]  INFO -- : 
I, [2016-05-07T18:56:49.641574 #7170]  INFO -- : Answer sent
I, [2016-05-07T18:56:49.675850 #7170]  INFO -- : 
I, [2016-05-07T18:56:49.675891 #7170]  INFO -- : ######## Starting get_target_value  ########
I, [2016-05-07T18:56:49.680034 #7170]  INFO -- : Answer sent
I, [2016-05-07T18:56:52.132324 #7170]  INFO -- : 
I, [2016-05-07T18:56:52.132361 #7170]  INFO -- : ######## STARTING get_value_types ########
I, [2016-05-07T18:56:52.132391 #7170]  INFO -- : 
I, [2016-05-07T18:56:52.134218 #7170]  INFO -- : Answer sent
I, [2016-05-07T18:56:52.169791 #7170]  INFO -- : 
I, [2016-05-07T18:56:52.169829 #7170]  INFO -- : ######## Starting get_target_value  ########
I, [2016-05-07T18:56:52.174398 #7170]  INFO -- : Answer sent
I, [2016-05-07T18:58:19.003042 #7170]  INFO -- : 
I, [2016-05-07T18:58:19.003081 #7170]  INFO -- : ######## STARTING get_value_types ########
I, [2016-05-07T18:58:19.003109 #7170]  INFO -- : 
I, [2016-05-07T18:58:19.004986 #7170]  INFO -- : Answer sent
I, [2016-05-07T18:58:19.037093 #7170]  INFO -- : 
I, [2016-05-07T18:58:19.037130 #7170]  INFO -- : ######## Starting get_target_value  ########
I, [2016-05-07T18:58:19.041310 #7170]  INFO -- : Answer sent
I, [2016-05-07T19:08:43.243703 #7170]  INFO -- : 
I, [2016-05-07T19:08:43.243762 #7170]  INFO -- : ######## STARTING get_value_types ########
I, [2016-05-07T19:08:43.243785 #7170]  INFO -- : 
I, [2016-05-07T19:08:43.251607 #7170]  INFO -- : Answer sent
I, [2016-05-07T19:08:43.286063 #7170]  INFO -- : 
I, [2016-05-07T19:08:43.286106 #7170]  INFO -- : ######## Starting get_target_value  ########
I, [2016-05-07T19:08:43.301414 #7170]  INFO -- : Answer sent
I, [2016-05-07T19:08:43.804326 #7170]  INFO -- : 
I, [2016-05-07T19:08:43.804366 #7170]  INFO -- : ######## STARTING get_value_types ########
I, [2016-05-07T19:08:43.804393 #7170]  INFO -- : 
I, [2016-05-07T19:08:43.806116 #7170]  INFO -- : Answer sent
I, [2016-05-07T19:08:43.841637 #7170]  INFO -- : 
I, [2016-05-07T19:08:43.841677 #7170]  INFO -- : ######## Starting get_target_value  ########
I, [2016-05-07T19:08:43.846117 #7170]  INFO -- : Answer sent
I, [2016-05-07T19:08:44.625320 #7170]  INFO -- : 
I, [2016-05-07T19:08:44.625360 #7170]  INFO -- : ######## STARTING get_value_types ########
I, [2016-05-07T19:08:44.625397 #7170]  INFO -- : 
I, [2016-05-07T19:08:44.627379 #7170]  INFO -- : Answer sent
I, [2016-05-07T19:08:44.661308 #7170]  INFO -- : 
I, [2016-05-07T19:08:44.661348 #7170]  INFO -- : ######## Starting get_target_value  ########
I, [2016-05-07T19:08:44.665444 #7170]  INFO -- : Answer sent
I, [2016-05-07T19:08:45.458942 #7170]  INFO -- : 
I, [2016-05-07T19:08:45.458985 #7170]  INFO -- : ######## STARTING get_value_types ########
I, [2016-05-07T19:08:45.459012 #7170]  INFO -- : 
I, [2016-05-07T19:08:45.460932 #7170]  INFO -- : Answer sent
I, [2016-05-07T19:08:45.493024 #7170]  INFO -- : 
I, [2016-05-07T19:08:45.493064 #7170]  INFO -- : ######## Starting get_target_value  ########
I, [2016-05-07T19:08:45.497309 #7170]  INFO -- : Answer sent
