
#################################################

Starting "get_target_values" method
HTTP request done
Starting XML parsing
Opening data file
Data file closed
END OF PROCESS

#################################################

Starting "get_target_values" method
HTTP request done
Starting XML parsing
Opening data file
Data file closed
END OF PROCESS

#################################################

Starting 'get_target_values' method at 2016-04-23 02:43:57 +0200
HTTP request done
Starting XML parsing
Opening data file
Data file closed
END OF PROCESS

#################################################

Starting 'get_target_values' method at 2016-04-23 02:44:33 +0200
HTTP request done
Starting XML parsing
Opening data file
Data file closed
END OF PROCESS
